<?xml version="1.0" encoding="UTF-8"?>
<testng-results ignored="0" total="1" passed="1" failed="0" skipped="0">
  <reporter-output>
  </reporter-output>
  <suite started-at="2021-07-28T17:33:35 IST" name="Default suite" finished-at="2021-07-28T17:33:35 IST" duration-ms="90">
    <groups>
    </groups>
    <test started-at="2021-07-28T17:33:35 IST" name="Default test" finished-at="2021-07-28T17:33:35 IST" duration-ms="90">
      <class name="testNG_example.demo">
        <test-method is-config="true" signature="beforeclass1()[pri:0, instance:testNG_example.demo@3967e60c]" started-at="2021-07-28T17:33:35 IST" name="beforeclass1" finished-at="2021-07-28T17:33:35 IST" duration-ms="14" status="PASS">
          <reporter-output>
          </reporter-output>
        </test-method> <!-- beforeclass1 -->
        <test-method is-config="true" signature="beforeMethod1()[pri:0, instance:testNG_example.demo@3967e60c]" started-at="2021-07-28T17:33:35 IST" name="beforeMethod1" finished-at="2021-07-28T17:33:35 IST" duration-ms="1" status="PASS">
          <reporter-output>
          </reporter-output>
        </test-method> <!-- beforeMethod1 -->
        <test-method signature="testMethod1()[pri:0, instance:testNG_example.demo@3967e60c]" started-at="2021-07-28T17:33:35 IST" name="testMethod1" finished-at="2021-07-28T17:33:35 IST" duration-ms="8" status="PASS">
          <reporter-output>
          </reporter-output>
        </test-method> <!-- testMethod1 -->
      </class> <!-- testNG_example.demo -->
    </test> <!-- Default test -->
  </suite> <!-- Default suite -->
</testng-results>
